TN:
SF:src/app.ts
FNF:0
FNH:0
DA:8,1
DA:9,1
DA:10,1
DA:12,1
DA:13,1
DA:14,1
LF:6
LH:6
BRF:0
BRH:0
end_of_record
TN:
SF:src/database.ts
FNF:0
FNH:0
DA:3,2
DA:4,2
LF:2
LH:2
BRF:0
BRH:0
end_of_record
TN:
SF:src/controllers/e2eTestControllers.ts
FN:4,resetRecommendations
FNF:1
FNH:0
FNDA:0,resetRecommendations
DA:5,0
DA:6,0
LF:2
LH:0
BRF:0
BRH:0
end_of_record
TN:
SF:src/controllers/recommendationController.ts
FN:6,insert
FN:17,upvote
FN:25,downvote
FN:33,random
FN:39,get
FN:44,getTop
FN:51,getById
FNF:7
FNH:7
FNDA:6,insert
FNDA:1,upvote
FNDA:1,downvote
FNDA:1,random
FNDA:1,get
FNDA:1,getTop
FNDA:2,getById
DA:7,6
DA:8,6
DA:9,2
DA:12,4
DA:14,3
DA:18,1
DA:20,1
DA:22,1
DA:26,1
DA:28,1
DA:30,1
DA:34,1
DA:36,1
DA:40,1
DA:41,1
DA:45,1
DA:47,1
DA:48,1
DA:52,2
DA:54,2
DA:55,2
DA:58,1
LF:22
LH:22
BRDA:8,0,0,2
BRF:1
BRH:1
end_of_record
TN:
SF:src/middlewares/errorHandlerMiddleware.ts
FN:8,errorHandlerMiddleware
FNF:1
FNH:1
FNDA:3,errorHandlerMiddleware
DA:14,3
DA:16,3
DA:17,3
DA:20,0
LF:4
LH:3
BRDA:16,0,0,3
BRF:1
BRH:1
end_of_record
TN:
SF:src/repositories/e2eTestRepositories.ts
FN:3,deletAllRecommendations
FNF:1
FNH:0
FNDA:0,deletAllRecommendations
DA:4,0
LF:1
LH:0
BRF:0
BRH:0
end_of_record
TN:
SF:src/repositories/recommendationRepository.ts
FN:5,create
FN:16,findAll
FN:26,getAmountByScore
FN:33,getFindAllFilter
FN:45,find
FN:51,findByName
FN:57,updateScore
FN:66,remove
FNF:8
FNH:7
FNDA:3,create
FNDA:3,findAll
FNDA:1,getAmountByScore
FNDA:3,getFindAllFilter
FNDA:4,find
FNDA:4,findByName
FNDA:2,updateScore
FNDA:0,remove
DA:6,3
DA:17,3
DA:19,3
DA:27,1
DA:36,3
DA:38,1
DA:40,1
DA:46,4
DA:52,4
DA:58,2
DA:67,0
DA:72,2
LF:12
LH:11
BRDA:36,0,0,2
BRF:1
BRH:1
end_of_record
TN:
SF:src/routers/e2eTestRouter.ts
FNF:0
FNH:0
DA:4,1
DA:6,1
DA:7,1
LF:3
LH:3
BRDA:6,0,0,1
BRF:1
BRH:1
end_of_record
TN:
SF:src/routers/recommendationRouter.ts
FNF:0
FNH:0
DA:4,1
DA:6,1
DA:7,1
DA:8,1
DA:9,1
DA:10,1
DA:11,1
DA:12,1
LF:8
LH:8
BRF:0
BRH:0
end_of_record
TN:
SF:src/schemas/recommendationsSchemas.ts
FNF:0
FNH:0
DA:4,1
DA:6,1
LF:2
LH:2
BRF:0
BRH:0
end_of_record
TN:
SF:src/services/e2eTestService.ts
FN:3,deletAll
FNF:1
FNH:0
FNDA:0,deletAll
DA:4,0
LF:1
LH:0
BRF:0
BRH:0
end_of_record
TN:
SF:src/services/recommendationsService.ts
FN:7,insert
FN:17,upvote
FN:23,downvote
FN:35,getByIdOrFail
FN:42,get
FN:46,getTop
FN:50,getRandom
FN:63,getByScore
FN:76,getScoreFilter
FNF:9
FNH:9
FNDA:6,insert
FNDA:3,upvote
FNDA:2,downvote
FNDA:9,getByIdOrFail
FNDA:2,get
FNDA:2,getTop
FNDA:3,getRandom
FNDA:3,getByScore
FNDA:3,getScoreFilter
DA:8,6
DA:11,6
DA:12,2
DA:14,4
DA:18,3
DA:20,2
DA:24,2
DA:26,2
DA:30,2
DA:31,1
DA:36,9
DA:37,9
DA:39,7
DA:43,2
DA:47,2
DA:51,3
DA:52,3
DA:54,3
DA:55,3
DA:56,0
DA:59,3
DA:60,3
DA:64,3
DA:69,3
DA:70,2
DA:73,1
DA:77,3
DA:78,2
DA:81,1
DA:84,2
LF:30
LH:29
BRDA:11,0,0,2
BRDA:30,1,0,1
BRDA:37,2,0,2
BRDA:55,3,0,0
BRDA:69,4,0,2
BRDA:77,5,0,2
BRF:6
BRH:5
end_of_record
TN:
SF:src/utils/errorUtils.ts
FN:7,isAppError
FN:11,errorTypeToStatusCode
FN:19,conflictError
FN:23,notFoundError
FN:27,unauthorizedError
FN:31,wrongSchemaError
FNF:6
FNH:5
FNDA:3,isAppError
FNDA:3,errorTypeToStatusCode
FNDA:2,conflictError
FNDA:2,notFoundError
FNDA:0,unauthorizedError
FNDA:2,wrongSchemaError
DA:8,3
DA:12,3
DA:13,2
DA:14,2
DA:15,2
DA:16,0
DA:20,2
DA:24,2
DA:28,0
DA:32,2
LF:10
LH:8
BRDA:12,0,0,1
BRDA:13,1,0,0
BRDA:14,2,0,0
BRDA:15,3,0,2
BRDA:20,4,0,2
BRDA:20,4,1,0
BRDA:20,5,0,2
BRDA:20,5,1,2
BRDA:24,6,0,0
BRDA:24,6,1,2
BRDA:24,7,0,2
BRDA:24,7,1,2
BRDA:28,8,0,0
BRDA:28,8,1,0
BRDA:28,9,0,0
BRDA:28,9,1,0
BRDA:32,10,0,0
BRDA:32,10,1,2
BRDA:32,11,0,2
BRDA:32,11,1,2
BRF:20
BRH:11
end_of_record
