TN:
SF:src/database.ts
FNF:0
FNH:0
DA:3,1
DA:4,1
LF:2
LH:2
BRF:0
BRH:0
end_of_record
TN:
SF:src/repositories/recommendationRepository.ts
FN:5,create
FN:16,findAll
FN:26,getAmountByScore
FN:33,getFindAllFilter
FN:45,find
FN:51,findByName
FN:57,updateScore
FN:66,remove
FNF:8
FNH:0
FNDA:0,create
FNDA:0,findAll
FNDA:0,getAmountByScore
FNDA:0,getFindAllFilter
FNDA:0,find
FNDA:0,findByName
FNDA:0,updateScore
FNDA:0,remove
DA:6,0
DA:17,0
DA:19,0
DA:27,0
DA:36,0
DA:38,0
DA:40,0
DA:46,0
DA:52,0
DA:58,0
DA:67,0
DA:72,1
LF:12
LH:1
BRDA:36,0,0,0
BRF:1
BRH:0
end_of_record
TN:
SF:src/services/recommendationsService.ts
FN:7,insert
FN:17,upvote
FN:23,downvote
FN:35,getByIdOrFail
FN:42,get
FN:46,getTop
FN:50,getRandom
FN:63,getByScore
FN:76,getScoreFilter
FNF:9
FNH:9
FNDA:2,insert
FNDA:2,upvote
FNDA:1,downvote
FNDA:5,getByIdOrFail
FNDA:1,get
FNDA:1,getTop
FNDA:2,getRandom
FNDA:2,getByScore
FNDA:2,getScoreFilter
DA:8,2
DA:11,2
DA:12,1
DA:14,1
DA:18,2
DA:20,1
DA:24,1
DA:26,1
DA:30,1
DA:31,1
DA:36,5
DA:37,5
DA:39,3
DA:43,1
DA:47,1
DA:51,2
DA:52,2
DA:54,2
DA:55,2
DA:56,0
DA:59,2
DA:60,2
DA:64,2
DA:69,2
DA:70,2
DA:73,0
DA:77,2
DA:78,1
DA:81,1
DA:84,1
LF:30
LH:28
BRDA:11,0,0,1
BRDA:30,1,0,1
BRDA:37,2,0,2
BRDA:55,3,0,0
BRDA:69,4,0,2
BRDA:77,5,0,1
BRF:6
BRH:5
end_of_record
TN:
SF:src/utils/errorUtils.ts
FN:7,isAppError
FN:11,errorTypeToStatusCode
FN:19,conflictError
FN:23,notFoundError
FN:27,unauthorizedError
FN:31,wrongSchemaError
FNF:6
FNH:2
FNDA:0,isAppError
FNDA:0,errorTypeToStatusCode
FNDA:1,conflictError
FNDA:2,notFoundError
FNDA:0,unauthorizedError
FNDA:0,wrongSchemaError
DA:8,0
DA:12,0
DA:13,0
DA:14,0
DA:15,0
DA:16,0
DA:20,1
DA:24,2
DA:28,0
DA:32,0
LF:10
LH:2
BRDA:12,0,0,0
BRDA:13,1,0,0
BRDA:14,2,0,0
BRDA:15,3,0,0
BRDA:20,4,0,1
BRDA:20,4,1,0
BRDA:20,5,0,1
BRDA:20,5,1,1
BRDA:24,6,0,0
BRDA:24,6,1,2
BRDA:24,7,0,2
BRDA:24,7,1,2
BRDA:28,8,0,0
BRDA:28,8,1,0
BRDA:28,9,0,0
BRDA:28,9,1,0
BRDA:32,10,0,0
BRDA:32,10,1,0
BRDA:32,11,0,0
BRDA:32,11,1,0
BRF:20
BRH:6
end_of_record
